<?xml version="1.0" encoding="UTF-8"?>
<!-- Generated by org.testng.reporters.JUnitXMLReporter -->
<testsuite ignored="0" hostname="ADMINRG-5UKNPIJ" failures="2" tests="9" name="AutomationExcercise Tests" time="338.996" errors="0" timestamp="2023-07-15T22:11:15 BDT">
  <testcase classname="com.testcases.HomePageIsVisible" name="verifyHomePageVisibility" time="39.953"/>
  <testcase classname="com.testcases.AddProductToCart" name="verifyHomePageVisibility" time="26.106"/>
  <testcase classname="com.testcases.ProceedToCheckOut" name="verifyHomePageVisibility" time="22.681"/>
  <testcase classname="com.testcases.Register" name="verifyRegistration" time="32.553">
    <failure type="org.openqa.selenium.NoSuchElementException" message="Unable to find element with locator By.id: id_gender2
For documentation on this error, please visit: https://selenium.dev/exceptions/#no_such_element
Build info: version: &amp;apos;4.9.1&amp;apos;, revision: &amp;apos;eb2032df7f&amp;apos;
System info: os.name: &amp;apos;Windows 10&amp;apos;, os.arch: &amp;apos;amd64&amp;apos;, os.version: &amp;apos;10.0&amp;apos;, java.version: &amp;apos;19.0.2&amp;apos;
Driver info: driver.version: RemoteWebDriver">
      <![CDATA[org.openqa.selenium.NoSuchElementException: Unable to find element with locator By.id: id_gender2
For documentation on this error, please visit: https://selenium.dev/exceptions/#no_such_element
Build info: version: '4.9.1', revision: 'eb2032df7f'
System info: os.name: 'Windows 10', os.arch: 'amd64', os.version: '10.0', java.version: '19.0.2'
Driver info: driver.version: RemoteWebDriver
at org.openqa.selenium.remote.ElementLocation$ElementFinder$2.findElement(ElementLocation.java:165)
at org.openqa.selenium.remote.ElementLocation.findElement(ElementLocation.java:66)
at org.openqa.selenium.remote.RemoteWebDriver.findElement(RemoteWebDriver.java:352)
at org.openqa.selenium.remote.RemoteWebDriver.findElement(RemoteWebDriver.java:344)
at com.testcases.Register.verifyRegistration(Register.java:38)
at java.base/java.util.ArrayList.forEach(ArrayList.java:1511)
... Removed 25 stack frames]]>
    </failure>
  </testcase> <!-- verifyRegistration -->
  <testcase classname="com.testcases.Login" name="verifyLoginWithValidCredentials" time="42.781"/>
  <testcase classname="com.testcases.VerifyAddressDetailsAndReviewOrder" name="verifyAddress" time="42.074"/>
  <testcase classname="com.testcases.WriteCommentInTextBox" name="addComment" time="45.22"/>
  <testcase classname="com.testcases.ProcessedToCheckout2" name="againProceedForCheckout" time="40.409"/>
  <testcase classname="com.testcases.Payment" name="makePayment" time="46.999">
    <failure type="org.junit.ComparisonFailure" message="expected:&amp;lt;[]&amp;gt; but was:&amp;lt;[Your order has been placed successfully!]&amp;gt;">
      <![CDATA[org.junit.ComparisonFailure: expected:<[]> but was:<[Your order has been placed successfully!]>
at org.junit.Assert.assertEquals(Assert.java:115)
at org.junit.Assert.assertEquals(Assert.java:144)
at com.testcases.Payment.makePayment(Payment.java:98)
at java.base/java.util.ArrayList.forEach(ArrayList.java:1511)
... Removed 25 stack frames]]>
    </failure>
  </testcase> <!-- makePayment -->
</testsuite> <!-- AutomationExcercise Tests -->
